
Date - 11 Jun 2020 12:07:24
Level - INFO
UserAgent - 
Message - 
Method SendAsync -Success

User Referrer: localhost:53678

Browser Name: Firefox

File Path: E:\ShomaRM_GH\Shoma-RM\ShomaRM\Models\SendGrid\EmailSendModel.cs

Method Name: SendAsync

Line Number: 92

Logger: EmailSendModel.cs



Date - 11 Jun 2020 12:07:24
Level - INFO
UserAgent - 
Message - 
Method SendEmail -Success

User Referrer: localhost:53678

Browser Name: Firefox

File Path: E:\ShomaRM_GH\Shoma-RM\ShomaRM\Models\SendGrid\EmailSendModel.cs

Method Name: SendEmail

Line Number: 36

Logger: EmailSendModel.cs



Date - 11 Jun 2020 13:13:58
Level - INFO
UserAgent - 
Message - 
Method SendAsync -Success

User Referrer: localhost:53678

Browser Name: Firefox

File Path: E:\ShomaRM_GH\Shoma-RM\ShomaRM\Models\SendGrid\EmailSendModel.cs

Method Name: SendAsync

Line Number: 92

Logger: EmailSendModel.cs



Date - 11 Jun 2020 13:13:59
Level - INFO
UserAgent - 
Message - 
Method SendEmail -Success

User Referrer: localhost:53678

Browser Name: Firefox

File Path: E:\ShomaRM_GH\Shoma-RM\ShomaRM\Models\SendGrid\EmailSendModel.cs

Method Name: SendEmail

Line Number: 36

Logger: EmailSendModel.cs



Date - 11 Jun 2020 14:31:48
Level - INFO
UserAgent - 
Message - 
Method SendAsync -Success

User Referrer: localhost:53678

Browser Name: Firefox

File Path: E:\ShomaRM_GH\Shoma-RM\ShomaRM\Models\SendGrid\EmailSendModel.cs

Method Name: SendAsync

Line Number: 92

Logger: EmailSendModel.cs



Date - 11 Jun 2020 14:31:48
Level - INFO
UserAgent - 
Message - 
Method SendEmail -Success

User Referrer: localhost:53678

Browser Name: Firefox

File Path: E:\ShomaRM_GH\Shoma-RM\ShomaRM\Models\SendGrid\EmailSendModel.cs

Method Name: SendEmail

Line Number: 36

Logger: EmailSendModel.cs



Date - 11 Jun 2020 14:31:55
Level - INFO
UserAgent - 
Message - 
Method SendAsync -Success

User Referrer: localhost:53678

Browser Name: Firefox

File Path: E:\ShomaRM_GH\Shoma-RM\ShomaRM\Models\SendGrid\EmailSendModel.cs

Method Name: SendAsync

Line Number: 92

Logger: EmailSendModel.cs



Date - 11 Jun 2020 14:31:55
Level - INFO
UserAgent - 
Message - 
Method SendEmail -Success

User Referrer: localhost:53678

Browser Name: Firefox

File Path: E:\ShomaRM_GH\Shoma-RM\ShomaRM\Models\SendGrid\EmailSendModel.cs

Method Name: SendEmail

Line Number: 36

Logger: EmailSendModel.cs



Date - 11 Jun 2020 14:32:44
Level - INFO
UserAgent - 
Message - 
Method SendAsync -Success

User Referrer: localhost:53678

Browser Name: Firefox

File Path: E:\ShomaRM_GH\Shoma-RM\ShomaRM\Models\SendGrid\EmailSendModel.cs

Method Name: SendAsync

Line Number: 92

Logger: EmailSendModel.cs



Date - 11 Jun 2020 14:32:44
Level - INFO
UserAgent - 
Message - 
Method SendEmail -Success

User Referrer: localhost:53678

Browser Name: Firefox

File Path: E:\ShomaRM_GH\Shoma-RM\ShomaRM\Models\SendGrid\EmailSendModel.cs

Method Name: SendEmail

Line Number: 36

Logger: EmailSendModel.cs



Date - 11 Jun 2020 14:49:42
Level - INFO
UserAgent - 
Message - 
Method SendAsync -Success

User Referrer: localhost:53678

Browser Name: Firefox

File Path: E:\ShomaRM_GH\Shoma-RM\ShomaRM\Models\SendGrid\EmailSendModel.cs

Method Name: SendAsync

Line Number: 92

Logger: EmailSendModel.cs



Date - 11 Jun 2020 14:49:42
Level - INFO
UserAgent - 
Message - 
Method SendEmail -Success

User Referrer: localhost:53678

Browser Name: Firefox

File Path: E:\ShomaRM_GH\Shoma-RM\ShomaRM\Models\SendGrid\EmailSendModel.cs

Method Name: SendEmail

Line Number: 36

Logger: EmailSendModel.cs



Date - 11 Jun 2020 14:49:50
Level - INFO
UserAgent - 
Message - 
Method SendAsync -Success

User Referrer: localhost:53678

Browser Name: Firefox

File Path: E:\ShomaRM_GH\Shoma-RM\ShomaRM\Models\SendGrid\EmailSendModel.cs

Method Name: SendAsync

Line Number: 92

Logger: EmailSendModel.cs



Date - 11 Jun 2020 14:49:50
Level - INFO
UserAgent - 
Message - 
Method SendEmail -Success

User Referrer: localhost:53678

Browser Name: Firefox

File Path: E:\ShomaRM_GH\Shoma-RM\ShomaRM\Models\SendGrid\EmailSendModel.cs

Method Name: SendEmail

Line Number: 36

Logger: EmailSendModel.cs



Date - 11 Jun 2020 15:09:59
Level - INFO
UserAgent - 
Message - 
Method SendAsync -Success

User Referrer: localhost:53678

Browser Name: Firefox

File Path: E:\ShomaRM_GH\Shoma-RM\ShomaRM\Models\SendGrid\EmailSendModel.cs

Method Name: SendAsync

Line Number: 92

Logger: EmailSendModel.cs



Date - 11 Jun 2020 15:09:59
Level - INFO
UserAgent - 
Message - 
Method SendEmail -Success

User Referrer: localhost:53678

Browser Name: Firefox

File Path: E:\ShomaRM_GH\Shoma-RM\ShomaRM\Models\SendGrid\EmailSendModel.cs

Method Name: SendEmail

Line Number: 36

Logger: EmailSendModel.cs



Date - 11 Jun 2020 18:27:21
Level - INFO
UserAgent - 
Message - 
Method SendAsync -Success

User Referrer: localhost:53678

Browser Name: Firefox

File Path: E:\ShomaRM_GH\Shoma-RM\ShomaRM\Models\SendGrid\EmailSendModel.cs

Method Name: SendAsync

Line Number: 92

Logger: EmailSendModel.cs



Date - 11 Jun 2020 18:27:21
Level - INFO
UserAgent - 
Message - 
Method SendEmail -Success

User Referrer: localhost:53678

Browser Name: Firefox

File Path: E:\ShomaRM_GH\Shoma-RM\ShomaRM\Models\SendGrid\EmailSendModel.cs

Method Name: SendEmail

Line Number: 36

Logger: EmailSendModel.cs


