
Date - 31 May 2020 08:24:38
Level - INFO
UserAgent - 
Message - 
Method SendAsync -Success

User Referrer: localhost:53678

Browser Name: Firefox

File Path: E:\ShomaRM_GH\Shoma-RM\ShomaRM\Models\SendGrid\EmailSendModel.cs

Method Name: SendAsync

Line Number: 92

Logger: EmailSendModel.cs



Date - 31 May 2020 08:24:38
Level - INFO
UserAgent - 
Message - 
Method SendEmail -Success

User Referrer: localhost:53678

Browser Name: Firefox

File Path: E:\ShomaRM_GH\Shoma-RM\ShomaRM\Models\SendGrid\EmailSendModel.cs

Method Name: SendEmail

Line Number: 36

Logger: EmailSendModel.cs



Date - 31 May 2020 08:35:47
Level - INFO
UserAgent - 
Message - 
Method SendAsync -Success

User Referrer: localhost:53678

Browser Name: Firefox

File Path: E:\ShomaRM_GH\Shoma-RM\ShomaRM\Models\SendGrid\EmailSendModel.cs

Method Name: SendAsync

Line Number: 92

Logger: EmailSendModel.cs



Date - 31 May 2020 08:35:47
Level - INFO
UserAgent - 
Message - 
Method SendEmail -Success

User Referrer: localhost:53678

Browser Name: Firefox

File Path: E:\ShomaRM_GH\Shoma-RM\ShomaRM\Models\SendGrid\EmailSendModel.cs

Method Name: SendEmail

Line Number: 36

Logger: EmailSendModel.cs



Date - 31 May 2020 14:52:45
Level - INFO
UserAgent - 
Message - 
Method SendAsync -Success

User Referrer: localhost:53678

Browser Name: Chrome

File Path: E:\ShomaRM_GH\Shoma-RM\ShomaRM\Models\SendGrid\EmailSendModel.cs

Method Name: SendAsync

Line Number: 92

Logger: EmailSendModel.cs



Date - 31 May 2020 14:52:45
Level - INFO
UserAgent - 
Message - 
Method SendEmail -Success

User Referrer: localhost:53678

Browser Name: Chrome

File Path: E:\ShomaRM_GH\Shoma-RM\ShomaRM\Models\SendGrid\EmailSendModel.cs

Method Name: SendEmail

Line Number: 36

Logger: EmailSendModel.cs



Date - 31 May 2020 15:07:46
Level - INFO
UserAgent - 
Message - 
Method SendAsync -Success

User Referrer: localhost:53678

Browser Name: Chrome

File Path: E:\ShomaRM_GH\Shoma-RM\ShomaRM\Models\SendGrid\EmailSendModel.cs

Method Name: SendAsync

Line Number: 92

Logger: EmailSendModel.cs



Date - 31 May 2020 15:07:46
Level - INFO
UserAgent - 
Message - 
Method SendEmail -Success

User Referrer: localhost:53678

Browser Name: Chrome

File Path: E:\ShomaRM_GH\Shoma-RM\ShomaRM\Models\SendGrid\EmailSendModel.cs

Method Name: SendEmail

Line Number: 36

Logger: EmailSendModel.cs



Date - 31 May 2020 15:07:54
Level - INFO
UserAgent - 
Message - 
Method SendAsync -Success

User Referrer: localhost:53678

Browser Name: Chrome

File Path: E:\ShomaRM_GH\Shoma-RM\ShomaRM\Models\SendGrid\EmailSendModel.cs

Method Name: SendAsync

Line Number: 92

Logger: EmailSendModel.cs



Date - 31 May 2020 15:07:54
Level - INFO
UserAgent - 
Message - 
Method SendEmail -Success

User Referrer: localhost:53678

Browser Name: Chrome

File Path: E:\ShomaRM_GH\Shoma-RM\ShomaRM\Models\SendGrid\EmailSendModel.cs

Method Name: SendEmail

Line Number: 36

Logger: EmailSendModel.cs



Date - 31 May 2020 17:42:29
Level - INFO
UserAgent - 
Message - 
Method SendAsync -Success

User Referrer: localhost:53678

Browser Name: Firefox

File Path: E:\ShomaRM_GH\Shoma-RM\ShomaRM\Models\SendGrid\EmailSendModel.cs

Method Name: SendAsync

Line Number: 92

Logger: EmailSendModel.cs



Date - 31 May 2020 17:42:29
Level - INFO
UserAgent - 
Message - 
Method SendEmail -Success

User Referrer: localhost:53678

Browser Name: Firefox

File Path: E:\ShomaRM_GH\Shoma-RM\ShomaRM\Models\SendGrid\EmailSendModel.cs

Method Name: SendEmail

Line Number: 36

Logger: EmailSendModel.cs



Date - 31 May 2020 18:10:12
Level - INFO
UserAgent - 
Message - 
Method SendAsync -Success

User Referrer: localhost:53678

Browser Name: Firefox

File Path: E:\ShomaRM_GH\Shoma-RM\ShomaRM\Models\SendGrid\EmailSendModel.cs

Method Name: SendAsync

Line Number: 92

Logger: EmailSendModel.cs



Date - 31 May 2020 18:10:12
Level - INFO
UserAgent - 
Message - 
Method SendEmail -Success

User Referrer: localhost:53678

Browser Name: Firefox

File Path: E:\ShomaRM_GH\Shoma-RM\ShomaRM\Models\SendGrid\EmailSendModel.cs

Method Name: SendEmail

Line Number: 36

Logger: EmailSendModel.cs



Date - 31 May 2020 18:11:45
Level - INFO
UserAgent - 
Message - 
Method SendAsync -Success

User Referrer: localhost:53678

Browser Name: Firefox

File Path: E:\ShomaRM_GH\Shoma-RM\ShomaRM\Models\SendGrid\EmailSendModel.cs

Method Name: SendAsync

Line Number: 92

Logger: EmailSendModel.cs



Date - 31 May 2020 18:11:45
Level - INFO
UserAgent - 
Message - 
Method SendEmail -Success

User Referrer: localhost:53678

Browser Name: Firefox

File Path: E:\ShomaRM_GH\Shoma-RM\ShomaRM\Models\SendGrid\EmailSendModel.cs

Method Name: SendEmail

Line Number: 36

Logger: EmailSendModel.cs



Date - 31 May 2020 18:20:42
Level - INFO
UserAgent - 
Message - 
Method SendAsync -Success

User Referrer: localhost:53678

Browser Name: Firefox

File Path: E:\ShomaRM_GH\Shoma-RM\ShomaRM\Models\SendGrid\EmailSendModel.cs

Method Name: SendAsync

Line Number: 92

Logger: EmailSendModel.cs



Date - 31 May 2020 18:20:42
Level - INFO
UserAgent - 
Message - 
Method SendEmail -Success

User Referrer: localhost:53678

Browser Name: Firefox

File Path: E:\ShomaRM_GH\Shoma-RM\ShomaRM\Models\SendGrid\EmailSendModel.cs

Method Name: SendEmail

Line Number: 36

Logger: EmailSendModel.cs


