
Date - 13 Jul 2020 12:09:42
Level - INFO
UserAgent - 
Message - 
Method SendAsync -Success

User Referrer: localhost:53678

Browser Name: Firefox

File Path: E:\ShomaRM_GH\Shoma-RM\ShomaRM\Models\SendGrid\EmailSendModel.cs

Method Name: SendAsync

Line Number: 92

Logger: EmailSendModel.cs



Date - 13 Jul 2020 12:09:42
Level - INFO
UserAgent - 
Message - 
Method SendEmail -Success

User Referrer: localhost:53678

Browser Name: Firefox

File Path: E:\ShomaRM_GH\Shoma-RM\ShomaRM\Models\SendGrid\EmailSendModel.cs

Method Name: SendEmail

Line Number: 36

Logger: EmailSendModel.cs



Date - 13 Jul 2020 12:10:01
Level - INFO
UserAgent - 
Message - 
Method SendAsync -Success

User Referrer: localhost:53678

Browser Name: Firefox

File Path: E:\ShomaRM_GH\Shoma-RM\ShomaRM\Models\SendGrid\EmailSendModel.cs

Method Name: SendAsync

Line Number: 92

Logger: EmailSendModel.cs



Date - 13 Jul 2020 12:10:01
Level - INFO
UserAgent - 
Message - 
Method SendEmail -Success

User Referrer: localhost:53678

Browser Name: Firefox

File Path: E:\ShomaRM_GH\Shoma-RM\ShomaRM\Models\SendGrid\EmailSendModel.cs

Method Name: SendEmail

Line Number: 36

Logger: EmailSendModel.cs



Date - 13 Jul 2020 17:09:43
Level - INFO
UserAgent - 
Message - 
Method SendAsync -Success

User Referrer: localhost:53678

Browser Name: Firefox

File Path: E:\ShomaRM_GH\Shoma-RM\ShomaRM\Models\SendGrid\EmailSendModel.cs

Method Name: SendAsync

Line Number: 92

Logger: EmailSendModel.cs



Date - 13 Jul 2020 17:09:43
Level - INFO
UserAgent - 
Message - 
Method SendEmail -Success

User Referrer: localhost:53678

Browser Name: Firefox

File Path: E:\ShomaRM_GH\Shoma-RM\ShomaRM\Models\SendGrid\EmailSendModel.cs

Method Name: SendEmail

Line Number: 36

Logger: EmailSendModel.cs



Date - 13 Jul 2020 17:13:21
Level - INFO
UserAgent - 
Message - 
Method SendAsync -Success

User Referrer: localhost:53678

Browser Name: Firefox

File Path: E:\ShomaRM_GH\Shoma-RM\ShomaRM\Models\SendGrid\EmailSendModel.cs

Method Name: SendAsync

Line Number: 92

Logger: EmailSendModel.cs



Date - 13 Jul 2020 17:13:21
Level - INFO
UserAgent - 
Message - 
Method SendEmail -Success

User Referrer: localhost:53678

Browser Name: Firefox

File Path: E:\ShomaRM_GH\Shoma-RM\ShomaRM\Models\SendGrid\EmailSendModel.cs

Method Name: SendEmail

Line Number: 36

Logger: EmailSendModel.cs



Date - 13 Jul 2020 17:24:36
Level - INFO
UserAgent - 
Message - 
Method SendAsync -Success

User Referrer: localhost:53678

Browser Name: Firefox

File Path: E:\ShomaRM_GH\Shoma-RM\ShomaRM\Models\SendGrid\EmailSendModel.cs

Method Name: SendAsync

Line Number: 92

Logger: EmailSendModel.cs



Date - 13 Jul 2020 17:24:36
Level - INFO
UserAgent - 
Message - 
Method SendEmail -Success

User Referrer: localhost:53678

Browser Name: Firefox

File Path: E:\ShomaRM_GH\Shoma-RM\ShomaRM\Models\SendGrid\EmailSendModel.cs

Method Name: SendEmail

Line Number: 36

Logger: EmailSendModel.cs



Date - 13 Jul 2020 17:30:52
Level - INFO
UserAgent - 
Message - 
Method SendAsync -Success

User Referrer: localhost:53678

Browser Name: Firefox

File Path: E:\ShomaRM_GH\Shoma-RM\ShomaRM\Models\SendGrid\EmailSendModel.cs

Method Name: SendAsync

Line Number: 92

Logger: EmailSendModel.cs



Date - 13 Jul 2020 17:34:05
Level - INFO
UserAgent - 
Message - 
Method SendAsync -Success

User Referrer: localhost:53678

Browser Name: Firefox

File Path: E:\ShomaRM_GH\Shoma-RM\ShomaRM\Models\SendGrid\EmailSendModel.cs

Method Name: SendAsync

Line Number: 92

Logger: EmailSendModel.cs



Date - 13 Jul 2020 17:34:05
Level - INFO
UserAgent - 
Message - 
Method SendEmail -Success

User Referrer: localhost:53678

Browser Name: Firefox

File Path: E:\ShomaRM_GH\Shoma-RM\ShomaRM\Models\SendGrid\EmailSendModel.cs

Method Name: SendEmail

Line Number: 36

Logger: EmailSendModel.cs



Date - 13 Jul 2020 17:35:13
Level - INFO
UserAgent - 
Message - 
Method SendAsync -Success

User Referrer: localhost:53678

Browser Name: Firefox

File Path: E:\ShomaRM_GH\Shoma-RM\ShomaRM\Models\SendGrid\EmailSendModel.cs

Method Name: SendAsync

Line Number: 92

Logger: EmailSendModel.cs



Date - 13 Jul 2020 17:35:13
Level - INFO
UserAgent - 
Message - 
Method SendEmail -Success

User Referrer: localhost:53678

Browser Name: Firefox

File Path: E:\ShomaRM_GH\Shoma-RM\ShomaRM\Models\SendGrid\EmailSendModel.cs

Method Name: SendEmail

Line Number: 36

Logger: EmailSendModel.cs



Date - 13 Jul 2020 17:41:29
Level - INFO
UserAgent - 
Message - 
Method SendAsync -Success

User Referrer: localhost:53678

Browser Name: Firefox

File Path: E:\ShomaRM_GH\Shoma-RM\ShomaRM\Models\SendGrid\EmailSendModel.cs

Method Name: SendAsync

Line Number: 92

Logger: EmailSendModel.cs



Date - 13 Jul 2020 17:41:29
Level - INFO
UserAgent - 
Message - 
Method SendEmail -Success

User Referrer: localhost:53678

Browser Name: Firefox

File Path: E:\ShomaRM_GH\Shoma-RM\ShomaRM\Models\SendGrid\EmailSendModel.cs

Method Name: SendEmail

Line Number: 36

Logger: EmailSendModel.cs



Date - 13 Jul 2020 17:42:13
Level - INFO
UserAgent - 
Message - 
Method SendAsync -Success

User Referrer: localhost:53678

Browser Name: Firefox

File Path: E:\ShomaRM_GH\Shoma-RM\ShomaRM\Models\SendGrid\EmailSendModel.cs

Method Name: SendAsync

Line Number: 92

Logger: EmailSendModel.cs



Date - 13 Jul 2020 17:42:13
Level - INFO
UserAgent - 
Message - 
Method SendEmail -Success

User Referrer: localhost:53678

Browser Name: Firefox

File Path: E:\ShomaRM_GH\Shoma-RM\ShomaRM\Models\SendGrid\EmailSendModel.cs

Method Name: SendEmail

Line Number: 36

Logger: EmailSendModel.cs



Date - 13 Jul 2020 17:45:46
Level - INFO
UserAgent - 
Message - 
Method SendAsync -Success

User Referrer: localhost:53678

Browser Name: Firefox

File Path: E:\ShomaRM_GH\Shoma-RM\ShomaRM\Models\SendGrid\EmailSendModel.cs

Method Name: SendAsync

Line Number: 92

Logger: EmailSendModel.cs



Date - 13 Jul 2020 17:45:46
Level - INFO
UserAgent - 
Message - 
Method SendEmail -Success

User Referrer: localhost:53678

Browser Name: Firefox

File Path: E:\ShomaRM_GH\Shoma-RM\ShomaRM\Models\SendGrid\EmailSendModel.cs

Method Name: SendEmail

Line Number: 36

Logger: EmailSendModel.cs



Date - 13 Jul 2020 17:46:47
Level - INFO
UserAgent - 
Message - 
Method SendAsync -Success

User Referrer: localhost:53678

Browser Name: Firefox

File Path: E:\ShomaRM_GH\Shoma-RM\ShomaRM\Models\SendGrid\EmailSendModel.cs

Method Name: SendAsync

Line Number: 92

Logger: EmailSendModel.cs



Date - 13 Jul 2020 17:46:47
Level - INFO
UserAgent - 
Message - 
Method SendEmail -Success

User Referrer: localhost:53678

Browser Name: Firefox

File Path: E:\ShomaRM_GH\Shoma-RM\ShomaRM\Models\SendGrid\EmailSendModel.cs

Method Name: SendEmail

Line Number: 36

Logger: EmailSendModel.cs



Date - 13 Jul 2020 17:47:20
Level - INFO
UserAgent - 
Message - 
Method SendAsync -Success

User Referrer: localhost:53678

Browser Name: Firefox

File Path: E:\ShomaRM_GH\Shoma-RM\ShomaRM\Models\SendGrid\EmailSendModel.cs

Method Name: SendAsync

Line Number: 92

Logger: EmailSendModel.cs


