
Date - 28 May 2020 16:02:23
Level - INFO
UserAgent - 
Message - 
Method SendAsync -Success

User Referrer: localhost:53678

Browser Name: Firefox

File Path: E:\ShomaRM_GH\Shoma-RM\ShomaRM\Models\SendGrid\EmailSendModel.cs

Method Name: SendAsync

Line Number: 92

Logger: EmailSendModel.cs



Date - 28 May 2020 16:02:23
Level - INFO
UserAgent - 
Message - 
Method SendEmail -Success

User Referrer: localhost:53678

Browser Name: Firefox

File Path: E:\ShomaRM_GH\Shoma-RM\ShomaRM\Models\SendGrid\EmailSendModel.cs

Method Name: SendEmail

Line Number: 36

Logger: EmailSendModel.cs



Date - 28 May 2020 17:27:52
Level - INFO
UserAgent - 
Message - 
Method SendAsync -Success

User Referrer: localhost:53678

Browser Name: Firefox

File Path: E:\ShomaRM_GH\Shoma-RM\ShomaRM\Models\SendGrid\EmailSendModel.cs

Method Name: SendAsync

Line Number: 92

Logger: EmailSendModel.cs



Date - 28 May 2020 17:27:52
Level - INFO
UserAgent - 
Message - 
Method SendEmail -Success

User Referrer: localhost:53678

Browser Name: Firefox

File Path: E:\ShomaRM_GH\Shoma-RM\ShomaRM\Models\SendGrid\EmailSendModel.cs

Method Name: SendEmail

Line Number: 36

Logger: EmailSendModel.cs



Date - 28 May 2020 17:28:25
Level - INFO
UserAgent - 
Message - 
Method SendAsync -Success

User Referrer: localhost:53678

Browser Name: Firefox

File Path: E:\ShomaRM_GH\Shoma-RM\ShomaRM\Models\SendGrid\EmailSendModel.cs

Method Name: SendAsync

Line Number: 92

Logger: EmailSendModel.cs



Date - 28 May 2020 17:28:25
Level - INFO
UserAgent - 
Message - 
Method SendEmail -Success

User Referrer: localhost:53678

Browser Name: Firefox

File Path: E:\ShomaRM_GH\Shoma-RM\ShomaRM\Models\SendGrid\EmailSendModel.cs

Method Name: SendEmail

Line Number: 36

Logger: EmailSendModel.cs



Date - 28 May 2020 17:28:26
Level - INFO
UserAgent - 
Message - 
Method SendAsync -Success

User Referrer: localhost:53678

Browser Name: Firefox

File Path: E:\ShomaRM_GH\Shoma-RM\ShomaRM\Models\SendGrid\EmailSendModel.cs

Method Name: SendAsync

Line Number: 92

Logger: EmailSendModel.cs



Date - 28 May 2020 17:28:26
Level - INFO
UserAgent - 
Message - 
Method SendEmail -Success

User Referrer: localhost:53678

Browser Name: Firefox

File Path: E:\ShomaRM_GH\Shoma-RM\ShomaRM\Models\SendGrid\EmailSendModel.cs

Method Name: SendEmail

Line Number: 36

Logger: EmailSendModel.cs



Date - 28 May 2020 17:56:21
Level - INFO
UserAgent - 
Message - 
Method SendAsync -Success

User Referrer: localhost:53678

Browser Name: Firefox

File Path: E:\ShomaRM_GH\Shoma-RM\ShomaRM\Models\SendGrid\EmailSendModel.cs

Method Name: SendAsync

Line Number: 92

Logger: EmailSendModel.cs



Date - 28 May 2020 17:56:21
Level - INFO
UserAgent - 
Message - 
Method SendEmail -Success

User Referrer: localhost:53678

Browser Name: Firefox

File Path: E:\ShomaRM_GH\Shoma-RM\ShomaRM\Models\SendGrid\EmailSendModel.cs

Method Name: SendEmail

Line Number: 36

Logger: EmailSendModel.cs



Date - 28 May 2020 20:43:22
Level - INFO
UserAgent - 
Message - 
Method SendAsync -Success

User Referrer: localhost:53678

Browser Name: Firefox

File Path: E:\ShomaRM_GH\Shoma-RM\ShomaRM\Models\SendGrid\EmailSendModel.cs

Method Name: SendAsync

Line Number: 92

Logger: EmailSendModel.cs



Date - 28 May 2020 20:43:22
Level - INFO
UserAgent - 
Message - 
Method SendEmail -Success

User Referrer: localhost:53678

Browser Name: Firefox

File Path: E:\ShomaRM_GH\Shoma-RM\ShomaRM\Models\SendGrid\EmailSendModel.cs

Method Name: SendEmail

Line Number: 36

Logger: EmailSendModel.cs



Date - 28 May 2020 20:49:23
Level - INFO
UserAgent - 
Message - 
Method SendAsync -Success

User Referrer: localhost:53678

Browser Name: Firefox

File Path: E:\ShomaRM_GH\Shoma-RM\ShomaRM\Models\SendGrid\EmailSendModel.cs

Method Name: SendAsync

Line Number: 92

Logger: EmailSendModel.cs



Date - 28 May 2020 20:49:23
Level - INFO
UserAgent - 
Message - 
Method SendEmail -Success

User Referrer: localhost:53678

Browser Name: Firefox

File Path: E:\ShomaRM_GH\Shoma-RM\ShomaRM\Models\SendGrid\EmailSendModel.cs

Method Name: SendEmail

Line Number: 36

Logger: EmailSendModel.cs



Date - 28 May 2020 20:49:40
Level - INFO
UserAgent - 
Message - 
Method SendAsync -Success

User Referrer: localhost:53678

Browser Name: Firefox

File Path: E:\ShomaRM_GH\Shoma-RM\ShomaRM\Models\SendGrid\EmailSendModel.cs

Method Name: SendAsync

Line Number: 92

Logger: EmailSendModel.cs



Date - 28 May 2020 20:49:40
Level - INFO
UserAgent - 
Message - 
Method SendEmail -Success

User Referrer: localhost:53678

Browser Name: Firefox

File Path: E:\ShomaRM_GH\Shoma-RM\ShomaRM\Models\SendGrid\EmailSendModel.cs

Method Name: SendEmail

Line Number: 36

Logger: EmailSendModel.cs



Date - 28 May 2020 20:55:52
Level - INFO
UserAgent - 
Message - 
Method SendAsync -Success

User Referrer: localhost:53678

Browser Name: Firefox

File Path: E:\ShomaRM_GH\Shoma-RM\ShomaRM\Models\SendGrid\EmailSendModel.cs

Method Name: SendAsync

Line Number: 92

Logger: EmailSendModel.cs



Date - 28 May 2020 20:55:52
Level - INFO
UserAgent - 
Message - 
Method SendEmail -Success

User Referrer: localhost:53678

Browser Name: Firefox

File Path: E:\ShomaRM_GH\Shoma-RM\ShomaRM\Models\SendGrid\EmailSendModel.cs

Method Name: SendEmail

Line Number: 36

Logger: EmailSendModel.cs


