
Date - 01 May 2020 12:06:24
Level - INFO
UserAgent - 
Message - 
Method Login -Name Mahendra

User Referrer: localhost:53678

Browser Name: Firefox

File Path: E:\ShomaRM_GH\Shoma-RM\ShomaRM\Controllers\AccountController.cs

Method Name: Login

Line Number: 61

Logger: AccountController.cs



Date - 01 May 2020 12:08:47
Level - INFO
UserAgent - 
Message - 
Method Login -Name Mahendra

User Referrer: localhost:53678

Browser Name: Firefox

File Path: E:\ShomaRM_GH\Shoma-RM\ShomaRM\Controllers\AccountController.cs

Method Name: Login

Line Number: 61

Logger: AccountController.cs


