
Date - 03 May 2020 07:59:27
Level - INFO
UserAgent - 
Message - 
Method Login -Name Mahendra

User Referrer: localhost:53678

Browser Name: Firefox

File Path: E:\ShomaRM_GH\Shoma-RM\ShomaRM\Controllers\AccountController.cs

Method Name: Login

Line Number: 61

Logger: AccountController.cs



Date - 03 May 2020 08:09:23
Level - INFO
UserAgent - 
Message - 
Method Login -Name Mahendra

User Referrer: localhost:53678

Browser Name: Firefox

File Path: E:\ShomaRM_GH\Shoma-RM\ShomaRM\Controllers\AccountController.cs

Method Name: Login

Line Number: 61

Logger: AccountController.cs



Date - 03 May 2020 08:58:07
Level - INFO
UserAgent - 
Message - 
Method Login -Name Mahendra

User Referrer: localhost:53678

Browser Name: Firefox

File Path: E:\ShomaRM_GH\Shoma-RM\ShomaRM\Controllers\AccountController.cs

Method Name: Login

Line Number: 61

Logger: AccountController.cs



Date - 03 May 2020 09:02:00
Level - INFO
UserAgent - 
Message - 
Method Login -Name Mahendra

User Referrer: localhost:53678

Browser Name: Firefox

File Path: E:\ShomaRM_GH\Shoma-RM\ShomaRM\Controllers\AccountController.cs

Method Name: Login

Line Number: 61

Logger: AccountController.cs



Date - 03 May 2020 09:04:47
Level - INFO
UserAgent - 
Message - 
Method Login -Name Mahendra

User Referrer: localhost:53678

Browser Name: Chrome

File Path: E:\ShomaRM_GH\Shoma-RM\ShomaRM\Controllers\AccountController.cs

Method Name: Login

Line Number: 61

Logger: AccountController.cs



Date - 03 May 2020 09:06:46
Level - INFO
UserAgent - 
Message - 
Method Login -Name Mahendra

User Referrer: localhost:53678

Browser Name: Firefox

File Path: E:\ShomaRM_GH\Shoma-RM\ShomaRM\Controllers\AccountController.cs

Method Name: Login

Line Number: 61

Logger: AccountController.cs



Date - 03 May 2020 09:08:00
Level - INFO
UserAgent - 
Message - 
Method Login -Name Mahendra

User Referrer: localhost:53678

Browser Name: Firefox

File Path: E:\ShomaRM_GH\Shoma-RM\ShomaRM\Controllers\AccountController.cs

Method Name: Login

Line Number: 61

Logger: AccountController.cs



Date - 03 May 2020 11:27:00
Level - INFO
UserAgent - 
Message - 
Method Login -Name Mahendra

User Referrer: localhost:53678

Browser Name: Firefox

File Path: E:\ShomaRM_GH\Shoma-RM\ShomaRM\Controllers\AccountController.cs

Method Name: Login

Line Number: 61

Logger: AccountController.cs



Date - 03 May 2020 11:35:05
Level - INFO
UserAgent - 
Message - 
Method Login -Name Mahendra

User Referrer: localhost:53678

Browser Name: Firefox

File Path: E:\ShomaRM_GH\Shoma-RM\ShomaRM\Controllers\AccountController.cs

Method Name: Login

Line Number: 61

Logger: AccountController.cs


