
Date - 30 Apr 2020 13:29:31
Level - INFO
UserAgent - 
Message - 
Method Login -Name Mahendra

User Referrer: localhost:53678

Browser Name: Firefox

File Path: E:\ShomaRM_GH\Shoma-RM\ShomaRM\Controllers\AccountController.cs

Method Name: Login

Line Number: 61

Logger: AccountController.cs



Date - 30 Apr 2020 15:30:27
Level - INFO
UserAgent - 
Message - 
Method Login -Name Mahendra

User Referrer: localhost:53678

Browser Name: Firefox

File Path: E:\ShomaRM_GH\Shoma-RM\ShomaRM\Controllers\AccountController.cs

Method Name: Login

Line Number: 61

Logger: AccountController.cs



Date - 30 Apr 2020 16:17:19
Level - INFO
UserAgent - 
Message - 
Method Login -Name Mahendra

User Referrer: localhost:53678

Browser Name: Firefox

File Path: E:\ShomaRM_GH\Shoma-RM\ShomaRM\Controllers\AccountController.cs

Method Name: Login

Line Number: 61

Logger: AccountController.cs



Date - 30 Apr 2020 17:16:30
Level - INFO
UserAgent - 
Message - 
Method Login -Name Mahendra

User Referrer: localhost:53678

Browser Name: Firefox

File Path: E:\ShomaRM_GH\Shoma-RM\ShomaRM\Controllers\AccountController.cs

Method Name: Login

Line Number: 61

Logger: AccountController.cs



Date - 30 Apr 2020 18:13:58
Level - INFO
UserAgent - 
Message - 
Method Login -Name Mahendra

User Referrer: localhost:53678

Browser Name: Firefox

File Path: E:\ShomaRM_GH\Shoma-RM\ShomaRM\Controllers\AccountController.cs

Method Name: Login

Line Number: 61

Logger: AccountController.cs



Date - 30 Apr 2020 18:36:18
Level - INFO
UserAgent - 
Message - 
Method Login -Name Mahendra

User Referrer: localhost:53678

Browser Name: Firefox

File Path: E:\ShomaRM_GH\Shoma-RM\ShomaRM\Controllers\AccountController.cs

Method Name: Login

Line Number: 61

Logger: AccountController.cs



Date - 30 Apr 2020 19:45:33
Level - INFO
UserAgent - 
Message - 
Method Login -Name Mahendra

User Referrer: localhost:53678

Browser Name: Firefox

File Path: E:\ShomaRM_GH\Shoma-RM\ShomaRM\Controllers\AccountController.cs

Method Name: Login

Line Number: 61

Logger: AccountController.cs


